/usr/share/texlive/texmf-dist/bibtex/bib/archaeologie/archaeologie-examples.bib
/usr/share/texlive/texmf-dist/bibtex/bib/archaeologie/archaeologie-lstabbrv.bib
/usr/share/texlive/texmf-dist/bibtex/bib/archaeologie/archaeologie-bibcorpora.bib
/usr/share/texlive/texmf-dist/bibtex/bib/archaeologie/archaeologie-bibancient.bib
/usr/share/texlive/texmf-dist/bibtex/bib/archaeologie/archaeologie-lstpublishers.bib
/usr/share/texlive/texmf-dist/bibtex/bib/archaeologie/archaeologie-lstlocations.bib
/usr/share/texlive/texmf-dist/bibtex/bib/base/xampl.bib
/usr/share/texlive/texmf-dist/bibtex/bib/amsrefs/amsj.bib
/usr/share/texlive/texmf-dist/bibtex/bib/cnltx/cnltx.bib
/usr/share/texlive/texmf-dist/bibtex/bib/beebe/gut.bib
/usr/share/texlive/texmf-dist/bibtex/bib/beebe/texbook3.bib
/usr/share/texlive/texmf-dist/bibtex/bib/beebe/texgraph.bib
/usr/share/texlive/texmf-dist/bibtex/bib/beebe/texbook1.bib
/usr/share/texlive/texmf-dist/bibtex/bib/beebe/texnique.bib
/usr/share/texlive/texmf-dist/bibtex/bib/beebe/texbook2.bib
/usr/share/texlive/texmf-dist/bibtex/bib/beebe/komoedie.bib
/usr/share/texlive/texmf-dist/bibtex/bib/beebe/tugboat.bib
/usr/share/texlive/texmf-dist/bibtex/bib/beebe/texjourn.bib
/usr/share/texlive/texmf-dist/bibtex/bib/beebe/typeset.bib
/usr/share/texlive/texmf-dist/bibtex/bib/biblatex/biblatex/biblatex-examples.bib
/usr/share/texlive/texmf-dist/bibtex/bib/attachfile/attachfile.bib
/usr/share/texlive/texmf-dist/bibtex/bib/oberdiek/oberdiek-source.bib
/usr/share/texlive/texmf-dist/bibtex/bib/oberdiek/oberdiek-bundle.bib
/usr/share/texlive/texmf-dist/bibtex/bib/lsc/lsc.bib
/usr/share/texlive/texmf-dist/bibtex/bib/directory/family.bib
/usr/share/texlive/texmf-dist/bibtex/bib/directory/business.bib
/usr/share/texlive/texmf-dist/bibtex/bib/frankenstein/frankenstein.bib
/usr/share/texlive/texmf-dist/bibtex/bib/jurabib/jbtest.bib
/usr/share/texlive/texmf-dist/bibtex/bib/jurabib/book.bib
/usr/share/texlive/texmf-dist/bibtex/bib/jurabib/comment.bib
/usr/share/texlive/texmf-dist/bibtex/bib/jurabib/jbtesthu.bib
/usr/share/texlive/texmf-dist/bibtex/bib/msc/biblio.bib
/usr/share/texlive/texmf-dist/bibtex/bib/abstyles/acompat.bib
/usr/share/texlive/texmf-dist/bibtex/bib/abstyles/jourabbr.bib
/usr/share/texlive/texmf-dist/bibtex/bib/abstyles/jourfull.bib
/usr/share/texlive/texmf-dist/bibtex/bib/gloss/sample.bib
/usr/share/texlive/texmf-dist/bibtex/bib/gloss/glsbase.bib
/usr/share/texlive/texmf-dist/bibtex/bib/dk-bib/litteratur.bib
/usr/share/texlive/texmf-dist/bibtex/bib/harvard/harvard.bib
